{
  "stats": {
    "suites": 1,
    "tests": 4,
    "passes": 1,
    "pending": 0,
    "failures": 3,
    "start": "2021-05-05T14:23:37.071Z",
    "end": "2021-05-05T14:24:15.877Z",
    "duration": 38806,
    "testsRegistered": 4,
    "passPercent": 25,
    "pendingPercent": 0,
    "other": 0,
    "hasOther": false,
    "skipped": 0,
    "hasSkipped": false
  },
  "results": [
    {
      "uuid": "062dfbc4-2a02-4bd9-be28-77ec8a50becf",
      "title": "",
      "fullFile": "cypress/integration/herokuDeploy.spec.js",
      "file": "cypress/integration/herokuDeploy.spec.js",
      "beforeHooks": [],
      "afterHooks": [],
      "tests": [],
      "suites": [
        {
          "uuid": "f87a10e5-ed7a-4893-93b6-398d75f17ccb",
          "title": "1 - Verifica se foi feito o deploy do frontend no Heroku",
          "fullFile": "",
          "file": "",
          "beforeHooks": [],
          "afterHooks": [],
          "tests": [
            {
              "title": "Será validado que o botão de mudar de realidade existe",
              "fullTitle": "1 - Verifica se foi feito o deploy do frontend no Heroku Será validado que o botão de mudar de realidade existe",
              "timedOut": null,
              "duration": 3578,
              "state": "passed",
              "speed": "slow",
              "pass": true,
              "fail": false,
              "pending": false,
              "context": null,
              "code": "cy.get(\".change-reality\").should(\"exist\");",
              "err": {},
              "uuid": "7f74f9bd-d112-4f12-a8df-3a074ca59785",
              "parentUUID": "f87a10e5-ed7a-4893-93b6-398d75f17ccb",
              "isHook": false,
              "skipped": false
            },
            {
              "title": "Será validado que a pesquisa funciona como deveria",
              "fullTitle": "1 - Verifica se foi feito o deploy do frontend no Heroku Será validado que a pesquisa funciona como deveria",
              "timedOut": null,
              "duration": 11314,
              "state": "failed",
              "speed": null,
              "pass": false,
              "fail": true,
              "pending": false,
              "context": null,
              "code": "cy.contains(PESQUISAR).click();\ncy.contains(MARTIN).should(\"exist\");",
              "err": {
                "message": "AssertionError: Timed out retrying: Expected to find content: 'Martin' but never did.",
                "estack": "AssertionError: Timed out retrying: Expected to find content: 'Martin' but never did.\n    at Context.eval (https://mateusleiteaalmeida-ft.herokuapp.com/__cypress/tests?p=cypress/integration/herokuDeploy.spec.js:113:25)",
                "diff": null
              },
              "uuid": "e27a5a3c-8daf-407c-aa7a-b9c9bc82b979",
              "parentUUID": "f87a10e5-ed7a-4893-93b6-398d75f17ccb",
              "isHook": false,
              "skipped": false
            },
            {
              "title": "Será validado que o botão de mudar de realidade funciona.",
              "fullTitle": "1 - Verifica se foi feito o deploy do frontend no Heroku Será validado que o botão de mudar de realidade funciona.",
              "timedOut": null,
              "duration": 11272,
              "state": "failed",
              "speed": null,
              "pass": false,
              "fail": true,
              "pending": false,
              "context": null,
              "code": "cy.contains(\"Mudar de Realidade\").click();\ncy.contains(PESQUISAR).click();\ncy.contains(INVERTED_MARTIN).should(\"exist\");",
              "err": {
                "message": "AssertionError: Timed out retrying: Expected to find content: 'uᴉʇɹɐW' but never did.",
                "estack": "AssertionError: Timed out retrying: Expected to find content: 'uᴉʇɹɐW' but never did.\n    at Context.eval (https://mateusleiteaalmeida-ft.herokuapp.com/__cypress/tests?p=cypress/integration/herokuDeploy.spec.js:118:34)",
                "diff": null
              },
              "uuid": "4d1977d0-3ace-47d9-8068-563fae43e484",
              "parentUUID": "f87a10e5-ed7a-4893-93b6-398d75f17ccb",
              "isHook": false,
              "skipped": false
            },
            {
              "title": "Será validado que os botões de próxima página e página anterior funcionam",
              "fullTitle": "1 - Verifica se foi feito o deploy do frontend no Heroku Será validado que os botões de próxima página e página anterior funcionam",
              "timedOut": null,
              "duration": 11354,
              "state": "failed",
              "speed": null,
              "pass": false,
              "fail": true,
              "pending": false,
              "context": null,
              "code": "cy.contains(PESQUISAR).click();\ncy.contains(MARTIN).should(\"exist\");\ncy.contains(\"Próximo\").click();\ncy.contains(\"2\").should(\"exist\");\ncy.contains(Claudia).should(\"exist\");\ncy.contains(\"Anterior\").click();\ncy.contains(\"1\").should(\"exist\");\ncy.contains(MARTIN).should(\"exist\");",
              "err": {
                "message": "AssertionError: Timed out retrying: Expected to find content: 'Martin' but never did.",
                "estack": "AssertionError: Timed out retrying: Expected to find content: 'Martin' but never did.\n    at Context.eval (https://mateusleiteaalmeida-ft.herokuapp.com/__cypress/tests?p=cypress/integration/herokuDeploy.spec.js:122:25)",
                "diff": null
              },
              "uuid": "81169ae1-2185-4615-8d23-0b6c46d2561e",
              "parentUUID": "f87a10e5-ed7a-4893-93b6-398d75f17ccb",
              "isHook": false,
              "skipped": false
            }
          ],
          "suites": [],
          "passes": [
            "7f74f9bd-d112-4f12-a8df-3a074ca59785"
          ],
          "failures": [
            "e27a5a3c-8daf-407c-aa7a-b9c9bc82b979",
            "4d1977d0-3ace-47d9-8068-563fae43e484",
            "81169ae1-2185-4615-8d23-0b6c46d2561e"
          ],
          "pending": [],
          "skipped": [],
          "duration": 37518,
          "root": false,
          "rootEmpty": false,
          "_timeout": 2000
        }
      ],
      "passes": [],
      "failures": [],
      "pending": [],
      "skipped": [],
      "duration": 0,
      "root": true,
      "rootEmpty": true,
      "_timeout": 2000
    }
  ],
  "meta": {
    "mocha": {
      "version": "7.0.1"
    },
    "mochawesome": {
      "options": {
        "quiet": false,
        "reportFilename": "mochawesome",
        "saveHtml": false,
        "saveJson": true,
        "consoleReporter": "spec",
        "useInlineDiffs": false
      },
      "version": "4.1.0"
    },
    "marge": {
      "options": {
        "id": "default",
        "reportDir": "cypress/reports",
        "overwrite": false,
        "html": false,
        "json": true
      },
      "version": "4.1.0"
    }
  }
}